-------------------------------------------------------------------------------
Test set: studentplatform.student_platform.service.StudentServiceTest
-------------------------------------------------------------------------------
Tests run: 6, Failures: 0, Errors: 6, Skipped: 0, Time elapsed: 0.023 s <<< FAILURE! -- in studentplatform.student_platform.service.StudentServiceTest
studentplatform.student_platform.service.StudentServiceTest.deleteStudent -- Time elapsed: 0.014 s <<< ERROR!
org.mockito.exceptions.misusing.NullInsteadOfMockException: 

Argument passed to when() is null!
Example of correct stubbing:
    doThrow(new RuntimeException()).when(mock).someMethod();
Also, if you use @Mock annotation don't miss openMocks()
	at studentplatform.student_platform.service.StudentServiceTest.deleteStudent(StudentServiceTest.java:123)
	at java.base/java.lang.reflect.Method.invoke(Method.java:580)
	at java.base/java.util.ArrayList.forEach(ArrayList.java:1597)
	at java.base/java.util.ArrayList.forEach(ArrayList.java:1597)

studentplatform.student_platform.service.StudentServiceTest.saveStudent -- Time elapsed: 0.003 s <<< ERROR!
java.lang.NullPointerException: Cannot invoke "studentplatform.student_platform.repository.StudentRepository.save(Object)" because "this.studentRepository" is null
	at studentplatform.student_platform.service.StudentServiceTest.saveStudent(StudentServiceTest.java:109)
	at java.base/java.lang.reflect.Method.invoke(Method.java:580)
	at java.base/java.util.ArrayList.forEach(ArrayList.java:1597)
	at java.base/java.util.ArrayList.forEach(ArrayList.java:1597)

studentplatform.student_platform.service.StudentServiceTest.getStudentByEmail -- Time elapsed: 0.001 s <<< ERROR!
java.lang.NullPointerException: Cannot invoke "studentplatform.student_platform.repository.StudentRepository.findByEmail(String)" because "this.studentRepository" is null
	at studentplatform.student_platform.service.StudentServiceTest.getStudentByEmail(StudentServiceTest.java:70)
	at java.base/java.lang.reflect.Method.invoke(Method.java:580)
	at java.base/java.util.ArrayList.forEach(ArrayList.java:1597)
	at java.base/java.util.ArrayList.forEach(ArrayList.java:1597)

studentplatform.student_platform.service.StudentServiceTest.getAllStudents -- Time elapsed: 0.001 s <<< ERROR!
java.lang.NullPointerException: Cannot invoke "studentplatform.student_platform.repository.StudentRepository.findAll()" because "this.studentRepository" is null
	at studentplatform.student_platform.service.StudentServiceTest.getAllStudents(StudentServiceTest.java:34)
	at java.base/java.lang.reflect.Method.invoke(Method.java:580)
	at java.base/java.util.ArrayList.forEach(ArrayList.java:1597)
	at java.base/java.util.ArrayList.forEach(ArrayList.java:1597)

studentplatform.student_platform.service.StudentServiceTest.getStudentsByDepartment -- Time elapsed: 0 s <<< ERROR!
java.lang.NullPointerException: Cannot invoke "studentplatform.student_platform.repository.StudentRepository.findByDepartment(String)" because "this.studentRepository" is null
	at studentplatform.student_platform.service.StudentServiceTest.getStudentsByDepartment(StudentServiceTest.java:90)
	at java.base/java.lang.reflect.Method.invoke(Method.java:580)
	at java.base/java.util.ArrayList.forEach(ArrayList.java:1597)
	at java.base/java.util.ArrayList.forEach(ArrayList.java:1597)

studentplatform.student_platform.service.StudentServiceTest.getStudentById -- Time elapsed: 0.001 s <<< ERROR!
java.lang.NullPointerException: Cannot invoke "studentplatform.student_platform.repository.StudentRepository.findById(Object)" because "this.studentRepository" is null
	at studentplatform.student_platform.service.StudentServiceTest.getStudentById(StudentServiceTest.java:49)
	at java.base/java.lang.reflect.Method.invoke(Method.java:580)
	at java.base/java.util.ArrayList.forEach(ArrayList.java:1597)
	at java.base/java.util.ArrayList.forEach(ArrayList.java:1597)

